mode: set
github.com/barbodimani81/go-batcher/batcher.go:27.121,28.60 1 1
github.com/barbodimani81/go-batcher/batcher.go:28.60,30.3 1 1
github.com/barbodimani81/go-batcher/batcher.go:32.2,43.15 3 1
github.com/barbodimani81/go-batcher/batcher.go:46.26,50.6 4 1
github.com/barbodimani81/go-batcher/batcher.go:50.6,51.10 1 1
github.com/barbodimani81/go-batcher/batcher.go:52.19,54.27 2 1
github.com/barbodimani81/go-batcher/batcher.go:55.20,57.27 2 1
github.com/barbodimani81/go-batcher/batcher.go:58.17,60.10 2 1
github.com/barbodimani81/go-batcher/batcher.go:66.38,70.9 3 1
github.com/barbodimani81/go-batcher/batcher.go:71.16,72.36 1 1
github.com/barbodimani81/go-batcher/batcher.go:73.10,73.10 0 1
github.com/barbodimani81/go-batcher/batcher.go:76.2,77.33 2 1
github.com/barbodimani81/go-batcher/batcher.go:77.33,78.10 1 1
github.com/barbodimani81/go-batcher/batcher.go:79.32,79.32 0 1
github.com/barbodimani81/go-batcher/batcher.go:80.11,80.11 0 1
github.com/barbodimani81/go-batcher/batcher.go:83.2,83.12 1 1
github.com/barbodimani81/go-batcher/batcher.go:87.53,92.23 4 1
github.com/barbodimani81/go-batcher/batcher.go:92.23,95.3 2 1
github.com/barbodimani81/go-batcher/batcher.go:97.2,101.26 4 1
github.com/barbodimani81/go-batcher/batcher.go:105.53,107.2 1 1
github.com/barbodimani81/go-batcher/batcher.go:109.34,110.24 1 1
github.com/barbodimani81/go-batcher/batcher.go:110.24,112.3 1 1
github.com/barbodimani81/go-batcher/batcher.go:113.2,114.12 2 1
github.com/barbodimani81/go-batcher/batcher.go:117.88,118.15 1 1
github.com/barbodimani81/go-batcher/batcher.go:118.15,120.3 1 1
github.com/barbodimani81/go-batcher/batcher.go:121.2,121.18 1 1
github.com/barbodimani81/go-batcher/batcher.go:121.18,123.3 1 1
github.com/barbodimani81/go-batcher/batcher.go:124.2,124.15 1 1
github.com/barbodimani81/go-batcher/batcher.go:124.15,126.3 1 1
github.com/barbodimani81/go-batcher/batcher.go:127.2,127.12 1 1
